This file contains any messages produced by compilers while
running configure, to aid debugging if configure makes a mistake.

It was created by netCDF configure 3.6.1, which was
generated by GNU Autoconf 2.59.  Invocation command line was

  $ ./configure --prefix=/people/long075/fvcom-ltrans/netcdf_install_gfortran

## --------- ##
## Platform. ##
## --------- ##

hostname = olympus.local
uname -m = x86_64
uname -r = 2.6.32-131.17.1.el6.x86_64
uname -s = Linux
uname -v = #2 SMP Mon Nov 7 06:23:40 PST 2011

/usr/bin/uname -p = unknown
/bin/uname -X     = unknown

/bin/arch              = x86_64
/usr/bin/arch -k       = unknown
/usr/convex/getsysinfo = unknown
hostinfo               = unknown
/bin/machine           = unknown
/usr/bin/oslevel       = unknown
/bin/universe          = unknown

PATH: /share/apps/binutils/2.22/bin
PATH: /share/apps/gcc/4.8.2/bin
PATH: /share/apps/octave/3.6.1//bin
PATH: /share/apps/ncl/6.1.0/bin
PATH: /share/apps/scitools/bin/linux64
PATH: /share/apps/toolworks/totalview.8.10.0-1/bin
PATH: /share/apps/tecplot/2012/bin
PATH: /share/apps/visit/2.4.0//bin
PATH: /share/apps/ruby/1.9.3/bin
PATH: /share/apps/matlab/bin
PATH: /share/apps/jdk/1.7.0_10/bin
PATH: /share/apps/graphviz/2.28.0//bin
PATH: /share/apps/gnuplot/4.6.4//bin
PATH: /share/apps/git/1.8.3.4//bin
PATH: /share/apps/mvapich2/1.9/intel/13.0.1.117/bin
PATH: /share/apps/intel/xe/composer_xe_2013.1.117/bin/intel64
PATH: /share/apps/sbank/1.2//bin
PATH: /share/apps/openmpi/1.5.4/pathscale/4.0.10/bin
PATH: /share/apps/ekopath/4.0.10/bin
PATH: /usr/lib64/qt-3.3/bin
PATH: /people/scicons/bin
PATH: /usr/NX/bin
PATH: /usr/kerberos/bin
PATH: /usr/java/latest/bin
PATH: /usr/local/bin
PATH: /bin
PATH: /usr/bin
PATH: /opt/ganglia/bin
PATH: /opt/ganglia/sbin
PATH: /opt/hpss/bin
PATH: /opt/pdsh/bin
PATH: /opt/rocks/bin
PATH: /opt/rocks/sbin
PATH: /people/long075/netcdf-3.6.1/bin
PATH: /pic/projects/psgb_model/tools
PATH: /people/long075/bin


## ----------- ##
## Core tests. ##
## ----------- ##

configure:1339: netCDF 3.6.1
configure:1377: checking build system type
configure:1395: result: x86_64-unknown-linux-gnu
configure:1403: checking host system type
configure:1417: result: x86_64-unknown-linux-gnu
configure:1435: checking whether configure should try to set compiler flags
configure:1461: result: no
configure:1469: checking whether netCDF is to be built in 64-bit mode
configure:1477: result: no
configure:1529: checking where to put large files
configure:1532: result: .
configure:1537: checking for top-level source-directory
configure:1540: result: /people/long075/fvcom-ltrans/netcdf-3.6.1-src/src
configure:1644: checking for C compiler version
configure:1647: gcc --version </dev/null >&5
gcc (GCC) 4.8.2
Copyright (C) 2013 Free Software Foundation, Inc.
This is free software; see the source for copying conditions.  There is NO
warranty; not even for MERCHANTABILITY or FITNESS FOR A PARTICULAR PURPOSE.

configure:1650: $? = 0
configure:1652: gcc -v </dev/null >&5
Using built-in specs.
COLLECT_GCC=gcc
COLLECT_LTO_WRAPPER=/pic/apps/gcc/4.8.2/bin/../libexec/gcc/x86_64-unknown-linux-gnu/4.8.2/lto-wrapper
Target: x86_64-unknown-linux-gnu
Configured with: ../configure --prefix=/share/apps/gcc/4.8.2 --with-mpfr=/share/apps/gcc/4.8.2 --with-gmp=/share/apps/gcc/4.8.2 --with-ld=/share/apps/binutils/2.21.1/bin/ld --with-as=/share/apps/binutils/2.21.1/bin/as --enable-languages=c,c++,fortran
Thread model: posix
gcc version 4.8.2 (GCC) 
configure:1655: $? = 0
configure:1657: gcc -V </dev/null >&5
gcc: error: unrecognized command line option '-V'
gcc: fatal error: no input files
compilation terminated.
configure:1660: $? = 1
configure:1683: checking for C compiler default output file name
configure:1686: gcc    conftest.c  >&5
configure:1689: $? = 0
configure:1735: result: a.out
configure:1740: checking whether the C compiler works
configure:1746: ./a.out
configure:1749: $? = 0
configure:1766: result: yes
configure:1773: checking whether we are cross compiling
configure:1775: result: no
configure:1778: checking for suffix of executables
configure:1780: gcc -o conftest    conftest.c  >&5
configure:1783: $? = 0
configure:1808: result: 
configure:1814: checking for suffix of object files
configure:1835: gcc -c   conftest.c >&5
configure:1838: $? = 0
configure:1860: result: o
configure:1864: checking whether we are using the GNU C compiler
configure:1888: gcc -c   conftest.c >&5
configure:1894: $? = 0
configure:1898: test -z 
			 || test ! -s conftest.err
configure:1901: $? = 0
configure:1904: test -s conftest.o
configure:1907: $? = 0
configure:1920: result: yes
configure:1926: checking whether gcc accepts -g
configure:1947: gcc -c -g  conftest.c >&5
configure:1953: $? = 0
configure:1957: test -z 
			 || test ! -s conftest.err
configure:1960: $? = 0
configure:1963: test -s conftest.o
configure:1966: $? = 0
configure:1977: result: yes
configure:1994: checking for gcc option to accept ANSI C
configure:2064: gcc  -c   conftest.c >&5
configure:2070: $? = 0
configure:2074: test -z 
			 || test ! -s conftest.err
configure:2077: $? = 0
configure:2080: test -s conftest.o
configure:2083: $? = 0
configure:2101: result: none needed
configure:2119: gcc -c   conftest.c >&5
conftest.c:2:3: error: unknown type name 'choke'
   choke me
   ^
conftest.c:2:3: error: expected '=', ',', ';', 'asm' or '__attribute__' at end of input
configure:2125: $? = 1
configure: failed program was:
| #ifndef __cplusplus
|   choke me
| #endif
configure:2264: WARNING: CXX set to NULL, C++ interface will not be built.
configure:3828: checking for Fortran compiler version
configure:3831: gfortran --version </dev/null >&5
GNU Fortran (GCC) 4.8.2
Copyright (C) 2013 Free Software Foundation, Inc.

GNU Fortran comes with NO WARRANTY, to the extent permitted by law.
You may redistribute copies of GNU Fortran
under the terms of the GNU General Public License.
For more information about these matters, see the file named COPYING

configure:3834: $? = 0
configure:3836: gfortran -v </dev/null >&5
Using built-in specs.
COLLECT_GCC=gfortran
COLLECT_LTO_WRAPPER=/pic/apps/gcc/4.8.2/bin/../libexec/gcc/x86_64-unknown-linux-gnu/4.8.2/lto-wrapper
Target: x86_64-unknown-linux-gnu
Configured with: ../configure --prefix=/share/apps/gcc/4.8.2 --with-mpfr=/share/apps/gcc/4.8.2 --with-gmp=/share/apps/gcc/4.8.2 --with-ld=/share/apps/binutils/2.21.1/bin/ld --with-as=/share/apps/binutils/2.21.1/bin/as --enable-languages=c,c++,fortran
Thread model: posix
gcc version 4.8.2 (GCC) 
configure:3839: $? = 0
configure:3841: gfortran -V </dev/null >&5
gfortran: error: unrecognized command line option '-V'
gfortran: fatal error: no input files
compilation terminated.
configure:3844: $? = 1
configure:3852: checking whether we are using the GNU Fortran compiler
configure:3866: gfortran -c -fno-underscoring  conftest.F >&5
configure:3872: $? = 0
configure:3876: test -z 
			 || test ! -s conftest.err
configure:3879: $? = 0
configure:3882: test -s conftest.o
configure:3885: $? = 0
configure:3898: result: yes
configure:3904: checking whether gfortran accepts -g
configure:3916: gfortran -c -g  conftest.f >&5
configure:3922: $? = 0
configure:3926: test -z 
			 || test ! -s conftest.err
configure:3929: $? = 0
configure:3932: test -s conftest.o
configure:3935: $? = 0
configure:3947: result: yes
configure:4024: checking user-defined Fortran-90 compiler "gfortran"
configure:4032: gfortran -c  conftest.f90
configure:4035: $? = 0
configure:4037: result: works
configure:4220: checking for m4 preprocessor...
configure:4227: checking for m4
configure:4243: found /usr/bin/m4
configure:4253: result: m4
configure:4306: checking m4 flags
configure:4311: result: -B10000
configure:4316: checking how to make dependencies
configure:4351: result: false
configure:4417: checking for special C compiler options needed for large files
configure:4516: result: no
configure:4522: checking for _FILE_OFFSET_BITS value needed for large files
configure:4553: gcc -c   conftest.c >&5
configure:4559: $? = 0
configure:4563: test -z 
			 || test ! -s conftest.err
configure:4566: $? = 0
configure:4569: test -s conftest.o
configure:4572: $? = 0
configure:4637: result: no
configure:4647: checking for _LARGE_FILES value needed for large files
configure:4678: gcc -c   conftest.c >&5
configure:4684: $? = 0
configure:4688: test -z 
			 || test ! -s conftest.err
configure:4691: $? = 0
configure:4694: test -s conftest.o
configure:4697: $? = 0
configure:4762: result: no
configure:4776: checking for ar utility...
configure:4783: checking for ar
configure:4799: found /share/apps/binutils/2.22/bin/ar
configure:4809: result: ar
configure:4862: checking ar flags
configure:4867: result: cru
configure:4872: checking for nm utility...
configure:4879: checking for nm
configure:4895: found /share/apps/binutils/2.22/bin/nm
configure:4905: result: nm
configure:4958: checking nm flags
configure:4963: result: 
configure:5008: checking for ranlib
configure:5024: found /share/apps/binutils/2.22/bin/ranlib
configure:5035: result: ranlib
configure:5060: checking for a BSD-compatible install
configure:5115: result: /usr/bin/install -c
configure:5130: checking CPPFLAGS
configure:5132: result: 
configure:5134: checking CC CFLAGS
configure:5136: result: gcc 
configure:5139: checking type gcc
configure:5141: result: gcc is /share/apps/gcc/4.8.2/bin/gcc
configure:5144: checking CXX
configure:5159: result: unset
configure:5163: checking FC
configure:5166: result: gfortran
configure:5168: checking FFLAGS
configure:5170: result: -fno-underscoring
configure:5173: checking type gfortran
configure:5175: result: gfortran is /share/apps/gcc/4.8.2/bin/gfortran
configure:5182: checking F90
configure:5185: result: gfortran
configure:5187: checking F90FLAGS
configure:5189: result: 
configure:5192: checking type gfortran
configure:5194: result: gfortran is /share/apps/gcc/4.8.2/bin/gfortran
configure:5201: checking AR
configure:5204: result: ar
configure:5206: checking ARFLAGS
configure:5208: result: cru
configure:5211: checking type ar
configure:5213: result: ar is /share/apps/binutils/2.22/bin/ar
configure:5220: checking NM
configure:5223: result: nm
configure:5225: checking NMFLAGS
configure:5227: result: 
configure:5230: checking type nm
configure:5232: result: nm is /share/apps/binutils/2.22/bin/nm
configure:5265: checking how to run the C preprocessor
configure:5300: gcc -E  conftest.c
configure:5306: $? = 0
configure:5338: gcc -E  conftest.c
conftest.c:9:28: fatal error: ac_nonexistent.h: No such file or directory
 #include <ac_nonexistent.h>
                            ^
compilation terminated.
configure:5344: $? = 1
configure: failed program was:
| /* confdefs.h.  */
| 
| #define PACKAGE_NAME "netCDF"
| #define PACKAGE_TARNAME "netcdf"
| #define PACKAGE_VERSION "3.6.1"
| #define PACKAGE_STRING "netCDF 3.6.1"
| #define PACKAGE_BUGREPORT "support@unidata.ucar.edu"
| /* end confdefs.h.  */
| #include <ac_nonexistent.h>
configure:5383: result: gcc -E
configure:5407: gcc -E  conftest.c
configure:5413: $? = 0
configure:5445: gcc -E  conftest.c
conftest.c:9:28: fatal error: ac_nonexistent.h: No such file or directory
 #include <ac_nonexistent.h>
                            ^
compilation terminated.
configure:5451: $? = 1
configure: failed program was:
| /* confdefs.h.  */
| 
| #define PACKAGE_NAME "netCDF"
| #define PACKAGE_TARNAME "netcdf"
| #define PACKAGE_VERSION "3.6.1"
| #define PACKAGE_STRING "netCDF 3.6.1"
| #define PACKAGE_BUGREPORT "support@unidata.ucar.edu"
| /* end confdefs.h.  */
| #include <ac_nonexistent.h>
configure:5504: checking user-defined Fortran-77 compiler "gfortran"
configure:5511: gfortran -c -fno-underscoring conftest.f
configure:5514: $? = 0
configure:5516: result: works
configure:5694: checking for Fortran .F compiler
configure:5696: result: 
configure:5705: checking if Fortran-77 compiler handles *.F files
configure:5717: gfortran -o conftest -fno-underscoring conftest.F 
configure:5720: $? = 0
configure:5723: result: yes
configure:5767: checking for C-equivalent to Fortran routine "SUB"
configure:5774: gfortran -c -fno-underscoring conftest.f
configure:5777: $? = 0
configure:5789: result: sub
configure:5811: checking for Fortran "byte"
configure:5819: gfortran -c -fno-underscoring conftest.f
configure:5822: $? = 0
configure:5824: result: yes
configure:5841: checking for Fortran "integer*2"
configure:5849: gfortran -c -fno-underscoring conftest.f
configure:5852: $? = 0
configure:5854: result: yes
configure:5880: checking if Fortran "byte" is C "signed char"
configure:5890: gcc -c   conftest.c
conftest.c: In function 'sub':
conftest.c:4:3: warning: incompatible implicit declaration of built-in function 'exit' [enabled by default]
   exit(values[1] != -2 || values[2] != -3);
   ^
configure:5893: $? = 0
configure:5896: gfortran -fno-underscoring -c conftestf.f
configure:5899: $? = 0
configure:5902: gfortran -o conftest -fno-underscoring  conftestf.o conftest.o  
configure:5905: $? = 0
configure:5908: ./conftest
configure:5911: $? = 0
configure:5913: result: yes
configure:5952: checking if Fortran "byte" is C "short"
configure:5962: gcc -c   conftest.c
conftest.c: In function 'sub':
conftest.c:4:3: warning: incompatible implicit declaration of built-in function 'exit' [enabled by default]
   exit(values[1] != -2 || values[2] != -3);
   ^
configure:5965: $? = 0
configure:5968: gfortran -fno-underscoring -c conftestf.f
configure:5971: $? = 0
configure:5974: gfortran -o conftest -fno-underscoring  conftestf.o conftest.o  
configure:5977: $? = 0
configure:5980: ./conftest
configure:5983: $? = 1
configure:5995: result: no
configure:6024: checking if Fortran "byte" is C "int"
configure:6034: gcc -c   conftest.c
conftest.c: In function 'sub':
conftest.c:4:3: warning: incompatible implicit declaration of built-in function 'exit' [enabled by default]
   exit(values[1] != -2 || values[2] != -3);
   ^
configure:6037: $? = 0
configure:6040: gfortran -fno-underscoring -c conftestf.f
configure:6043: $? = 0
configure:6046: gfortran -o conftest -fno-underscoring  conftestf.o conftest.o  
configure:6049: $? = 0
configure:6052: ./conftest
configure:6055: $? = 1
configure:6067: result: no
configure:6096: checking if Fortran "byte" is C "long"
configure:6106: gcc -c   conftest.c
conftest.c: In function 'sub':
conftest.c:4:3: warning: incompatible implicit declaration of built-in function 'exit' [enabled by default]
   exit(values[1] != -2 || values[2] != -3);
   ^
configure:6109: $? = 0
configure:6112: gfortran -fno-underscoring -c conftestf.f
configure:6115: $? = 0
configure:6118: gfortran -o conftest -fno-underscoring  conftestf.o conftest.o  
configure:6121: $? = 0
configure:6124: ./conftest
configure:6127: $? = 1
configure:6139: result: no
configure:6172: checking if Fortran "integer*2" is C "short"
configure:6182: gcc -c   conftest.c
conftest.c: In function 'sub':
conftest.c:4:3: warning: incompatible implicit declaration of built-in function 'exit' [enabled by default]
   exit(values[1] != -2 || values[2] != -3);
   ^
configure:6185: $? = 0
configure:6188: gfortran -fno-underscoring -c conftestf.f
configure:6191: $? = 0
configure:6194: gfortran -o conftest -fno-underscoring  conftestf.o conftest.o  
configure:6197: $? = 0
configure:6200: ./conftest
configure:6203: $? = 0
configure:6205: result: yes
configure:6244: checking if Fortran "integer*2" is C "int"
configure:6254: gcc -c   conftest.c
conftest.c: In function 'sub':
conftest.c:4:3: warning: incompatible implicit declaration of built-in function 'exit' [enabled by default]
   exit(values[1] != -2 || values[2] != -3);
   ^
configure:6257: $? = 0
configure:6260: gfortran -fno-underscoring -c conftestf.f
configure:6263: $? = 0
configure:6266: gfortran -o conftest -fno-underscoring  conftestf.o conftest.o  
configure:6269: $? = 0
configure:6272: ./conftest
configure:6275: $? = 1
configure:6287: result: no
configure:6316: checking if Fortran "integer*2" is C "long"
configure:6326: gcc -c   conftest.c
conftest.c: In function 'sub':
conftest.c:4:3: warning: incompatible implicit declaration of built-in function 'exit' [enabled by default]
   exit(values[1] != -2 || values[2] != -3);
   ^
configure:6329: $? = 0
configure:6332: gfortran -fno-underscoring -c conftestf.f
configure:6335: $? = 0
configure:6338: gfortran -o conftest -fno-underscoring  conftestf.o conftest.o  
configure:6341: $? = 0
configure:6344: ./conftest
configure:6347: $? = 1
configure:6359: result: no
configure:6390: checking if Fortran "integer" is C "int"
configure:6400: gcc -c   conftest.c
conftest.c: In function 'sub':
conftest.c:4:3: warning: incompatible implicit declaration of built-in function 'exit' [enabled by default]
   exit(values[1] != -2 || values[2] != -3);
   ^
configure:6403: $? = 0
configure:6406: gfortran -fno-underscoring -c conftestf.f
configure:6409: $? = 0
configure:6412: gfortran -o conftest -fno-underscoring  conftestf.o conftest.o  
configure:6415: $? = 0
configure:6418: ./conftest
configure:6421: $? = 0
configure:6423: result: yes
configure:6462: checking if Fortran "real" is C "float"
configure:6472: gcc -c   conftest.c
conftest.c: In function 'sub':
conftest.c:4:3: warning: incompatible implicit declaration of built-in function 'exit' [enabled by default]
   exit(values[1] != -2 || values[2] != -3);
   ^
configure:6475: $? = 0
configure:6478: gfortran -fno-underscoring -c conftestf.f
configure:6481: $? = 0
configure:6484: gfortran -o conftest -fno-underscoring  conftestf.o conftest.o  
configure:6487: $? = 0
configure:6490: ./conftest
configure:6493: $? = 0
configure:6495: result: yes
configure:6534: checking if Fortran "doubleprecision" is C "double"
configure:6544: gcc -c   conftest.c
conftest.c: In function 'sub':
conftest.c:4:3: warning: incompatible implicit declaration of built-in function 'exit' [enabled by default]
   exit(values[1] != -2 || values[2] != -3);
   ^
configure:6547: $? = 0
configure:6550: gfortran -fno-underscoring -c conftestf.f
configure:6553: $? = 0
configure:6556: gfortran -o conftest -fno-underscoring  conftestf.o conftest.o  
configure:6559: $? = 0
configure:6562: ./conftest
configure:6565: $? = 0
configure:6567: result: yes
configure:6600: checking for Fortran-equivalent to netCDF "byte"
configure:6608: gfortran -c -fno-underscoring conftest.f
configure:6611: $? = 0
configure:6621: result: byte
configure:6627: checking for Fortran-equivalent to netCDF "short"
configure:6635: gfortran -c -fno-underscoring conftest.f
configure:6638: $? = 0
configure:6648: result: integer*2
configure:6659: checking for math library...
configure:6663: checking for tanh in -lc
configure:6693: gcc -o conftest    conftest.c -lc   >&5
conftest.c:25:6: warning: conflicting types for built-in function 'tanh' [enabled by default]
 char tanh ();
      ^
/tmp/ccNQGno4.o: In function `main':
conftest.c:(.text+0xa): undefined reference to `tanh'
collect2: error: ld returned 1 exit status
configure:6699: $? = 1
configure: failed program was:
| /* confdefs.h.  */
| 
| #define PACKAGE_NAME "netCDF"
| #define PACKAGE_TARNAME "netcdf"
| #define PACKAGE_VERSION "3.6.1"
| #define PACKAGE_STRING "netCDF 3.6.1"
| #define PACKAGE_BUGREPORT "support@unidata.ucar.edu"
| #define NF_INT1_T byte
| #define NF_INT2_T integer*2
| #define NF_INT1_IS_C_SIGNED_CHAR 1
| #define NF_INT2_IS_C_SHORT 1
| #define NF_INT_IS_C_INT 1
| #define NF_REAL_IS_C_FLOAT 1
| #define NF_DOUBLEPRECISION_IS_C_DOUBLE 1
| #define NCBYTE_T byte
| #define NCSHORT_T integer*2
| /* end confdefs.h.  */
| 
| /* Override any gcc2 internal prototype to avoid an error.  */
| #ifdef __cplusplus
| extern "C"
| #endif
| /* We use char because int might match the return type of a gcc2
|    builtin and then its argument prototype would still apply.  */
| char tanh ();
| int
| main ()
| {
| tanh ();
|   ;
|   return 0;
| }
configure:6725: result: no
configure:6730: checking for tanh in -lm
configure:6760: gcc -o conftest    conftest.c -lm   >&5
conftest.c:25:6: warning: conflicting types for built-in function 'tanh' [enabled by default]
 char tanh ();
      ^
configure:6766: $? = 0
configure:6770: test -z 
			 || test ! -s conftest.err
configure:6773: $? = 0
configure:6776: test -s conftest
configure:6779: $? = 0
configure:6792: result: yes
configure:6811: checking for egrep
configure:6821: result: grep -E
configure:6826: checking for ANSI C header files
configure:6851: gcc -c   conftest.c >&5
configure:6857: $? = 0
configure:6861: test -z 
			 || test ! -s conftest.err
configure:6864: $? = 0
configure:6867: test -s conftest.o
configure:6870: $? = 0
configure:6959: gcc -o conftest    conftest.c  >&5
conftest.c: In function 'main':
conftest.c:35:7: warning: incompatible implicit declaration of built-in function 'exit' [enabled by default]
       exit(2);
       ^
configure:6962: $? = 0
configure:6964: ./conftest
configure:6967: $? = 0
configure:6982: result: yes
configure:7006: checking for sys/types.h
configure:7022: gcc -c   conftest.c >&5
configure:7028: $? = 0
configure:7032: test -z 
			 || test ! -s conftest.err
configure:7035: $? = 0
configure:7038: test -s conftest.o
configure:7041: $? = 0
configure:7052: result: yes
configure:7006: checking for sys/stat.h
configure:7022: gcc -c   conftest.c >&5
configure:7028: $? = 0
configure:7032: test -z 
			 || test ! -s conftest.err
configure:7035: $? = 0
configure:7038: test -s conftest.o
configure:7041: $? = 0
configure:7052: result: yes
configure:7006: checking for stdlib.h
configure:7022: gcc -c   conftest.c >&5
configure:7028: $? = 0
configure:7032: test -z 
			 || test ! -s conftest.err
configure:7035: $? = 0
configure:7038: test -s conftest.o
configure:7041: $? = 0
configure:7052: result: yes
configure:7006: checking for string.h
configure:7022: gcc -c   conftest.c >&5
configure:7028: $? = 0
configure:7032: test -z 
			 || test ! -s conftest.err
configure:7035: $? = 0
configure:7038: test -s conftest.o
configure:7041: $? = 0
configure:7052: result: yes
configure:7006: checking for memory.h
configure:7022: gcc -c   conftest.c >&5
configure:7028: $? = 0
configure:7032: test -z 
			 || test ! -s conftest.err
configure:7035: $? = 0
configure:7038: test -s conftest.o
configure:7041: $? = 0
configure:7052: result: yes
configure:7006: checking for strings.h
configure:7022: gcc -c   conftest.c >&5
configure:7028: $? = 0
configure:7032: test -z 
			 || test ! -s conftest.err
configure:7035: $? = 0
configure:7038: test -s conftest.o
configure:7041: $? = 0
configure:7052: result: yes
configure:7006: checking for inttypes.h
configure:7022: gcc -c   conftest.c >&5
configure:7028: $? = 0
configure:7032: test -z 
			 || test ! -s conftest.err
configure:7035: $? = 0
configure:7038: test -s conftest.o
configure:7041: $? = 0
configure:7052: result: yes
configure:7006: checking for stdint.h
configure:7022: gcc -c   conftest.c >&5
configure:7028: $? = 0
configure:7032: test -z 
			 || test ! -s conftest.err
configure:7035: $? = 0
configure:7038: test -s conftest.o
configure:7041: $? = 0
configure:7052: result: yes
configure:7006: checking for unistd.h
configure:7022: gcc -c   conftest.c >&5
configure:7028: $? = 0
configure:7032: test -z 
			 || test ! -s conftest.err
configure:7035: $? = 0
configure:7038: test -s conftest.o
configure:7041: $? = 0
configure:7052: result: yes
configure:7065: checking for stdlib.h
configure:7070: result: yes
configure:7212: checking for sys/types.h
configure:7217: result: yes
configure:7358: checking for strerror
configure:7415: gcc -o conftest    conftest.c  >&5
configure:7421: $? = 0
configure:7425: test -z 
			 || test ! -s conftest.err
configure:7428: $? = 0
configure:7431: test -s conftest
configure:7434: $? = 0
configure:7446: result: yes
configure:7457: checking for strlcat
configure:7514: gcc -o conftest    conftest.c  >&5
/tmp/ccA02k7o.o: In function `main':
conftest.c:(.text+0xd): undefined reference to `strlcat'
/tmp/ccA02k7o.o:(.data+0x0): undefined reference to `strlcat'
collect2: error: ld returned 1 exit status
configure:7520: $? = 1
configure: failed program was:
| /* confdefs.h.  */
| 
| #define PACKAGE_NAME "netCDF"
| #define PACKAGE_TARNAME "netcdf"
| #define PACKAGE_VERSION "3.6.1"
| #define PACKAGE_STRING "netCDF 3.6.1"
| #define PACKAGE_BUGREPORT "support@unidata.ucar.edu"
| #define NF_INT1_T byte
| #define NF_INT2_T integer*2
| #define NF_INT1_IS_C_SIGNED_CHAR 1
| #define NF_INT2_IS_C_SHORT 1
| #define NF_INT_IS_C_INT 1
| #define NF_REAL_IS_C_FLOAT 1
| #define NF_DOUBLEPRECISION_IS_C_DOUBLE 1
| #define NCBYTE_T byte
| #define NCSHORT_T integer*2
| #define STDC_HEADERS 1
| #define HAVE_SYS_TYPES_H 1
| #define HAVE_SYS_STAT_H 1
| #define HAVE_STDLIB_H 1
| #define HAVE_STRING_H 1
| #define HAVE_MEMORY_H 1
| #define HAVE_STRINGS_H 1
| #define HAVE_INTTYPES_H 1
| #define HAVE_STDINT_H 1
| #define HAVE_UNISTD_H 1
| /* end confdefs.h.  */
| /* Define strlcat to an innocuous variant, in case <limits.h> declares strlcat.
|    For example, HP-UX 11i <limits.h> declares gettimeofday.  */
| #define strlcat innocuous_strlcat
| 
| /* System header to define __stub macros and hopefully few prototypes,
|     which can conflict with char strlcat (); below.
|     Prefer <limits.h> to <assert.h> if __STDC__ is defined, since
|     <limits.h> exists even on freestanding compilers.  */
| 
| #ifdef __STDC__
| # include <limits.h>
| #else
| # include <assert.h>
| #endif
| 
| #undef strlcat
| 
| /* Override any gcc2 internal prototype to avoid an error.  */
| #ifdef __cplusplus
| extern "C"
| {
| #endif
| /* We use char because int might match the return type of a gcc2
|    builtin and then its argument prototype would still apply.  */
| char strlcat ();
| /* The GNU C library defines this for functions which it implements
|     to always fail with ENOSYS.  Some functions are actually named
|     something starting with __ and the normal name is an alias.  */
| #if defined (__stub_strlcat) || defined (__stub___strlcat)
| choke me
| #else
| char (*f) () = strlcat;
| #endif
| #ifdef __cplusplus
| }
| #endif
| 
| int
| main ()
| {
| return f != strlcat;
|   ;
|   return 0;
| }
configure:7545: result: no
configure:7556: checking for working ftruncate()
configure:7618: gcc -o conftest    conftest.c  >&5
/tmp/ccKTCmJS.o: In function `main':
conftest.c:(.text+0x11): warning: the use of `tmpnam' is dangerous, better use `mkstemp'
configure:7621: $? = 0
configure:7623: ./conftest
configure:7626: $? = 0
configure:7628: result: yes
configure:7650: checking for working alloca.h
configure:7671: gcc -o conftest    conftest.c  >&5
configure:7677: $? = 0
configure:7681: test -z 
			 || test ! -s conftest.err
configure:7684: $? = 0
configure:7687: test -s conftest
configure:7690: $? = 0
configure:7702: result: yes
configure:7712: checking for alloca
configure:7753: gcc -o conftest    conftest.c  >&5
configure:7759: $? = 0
configure:7763: test -z 
			 || test ! -s conftest.err
configure:7766: $? = 0
configure:7769: test -s conftest
configure:7772: $? = 0
configure:7784: result: yes
configure:8008: checking for struct stat.st_blksize
configure:8031: gcc -c   conftest.c >&5
configure:8037: $? = 0
configure:8041: test -z 
			 || test ! -s conftest.err
configure:8044: $? = 0
configure:8047: test -s conftest.o
configure:8050: $? = 0
configure:8107: result: yes
configure:8124: checking for IEEE floating point format
configure:8167: gcc -o conftest    conftest.c  >&5
configure:8170: $? = 0
configure:8172: ./conftest
configure:8175: $? = 0
configure:8188: result: yes
configure:8197: checking for size_t
configure:8221: gcc -c   conftest.c >&5
configure:8227: $? = 0
configure:8231: test -z 
			 || test ! -s conftest.err
configure:8234: $? = 0
configure:8237: test -s conftest.o
configure:8240: $? = 0
configure:8251: result: yes
configure:8263: checking for off_t
configure:8287: gcc -c   conftest.c >&5
configure:8293: $? = 0
configure:8297: test -z 
			 || test ! -s conftest.err
configure:8300: $? = 0
configure:8303: test -s conftest.o
configure:8306: $? = 0
configure:8317: result: yes
configure:8329: checking for ssize_t
configure:8353: gcc -c   conftest.c >&5
configure:8359: $? = 0
configure:8363: test -z 
			 || test ! -s conftest.err
configure:8366: $? = 0
configure:8369: test -s conftest.o
configure:8372: $? = 0
configure:8383: result: yes
configure:8395: checking for ptrdiff_t
configure:8419: gcc -c   conftest.c >&5
configure:8425: $? = 0
configure:8429: test -z 
			 || test ! -s conftest.err
configure:8432: $? = 0
configure:8435: test -s conftest.o
configure:8438: $? = 0
configure:8449: result: yes
configure:8461: checking for uchar
configure:8485: gcc -c   conftest.c >&5
conftest.c: In function 'main':
conftest.c:70:6: error: 'uchar' undeclared (first use in this function)
 if ((uchar *) 0)
      ^
conftest.c:70:6: note: each undeclared identifier is reported only once for each function it appears in
conftest.c:70:13: error: expected expression before ')' token
 if ((uchar *) 0)
             ^
configure:8491: $? = 1
configure: failed program was:
| /* confdefs.h.  */
| 
| #define PACKAGE_NAME "netCDF"
| #define PACKAGE_TARNAME "netcdf"
| #define PACKAGE_VERSION "3.6.1"
| #define PACKAGE_STRING "netCDF 3.6.1"
| #define PACKAGE_BUGREPORT "support@unidata.ucar.edu"
| #define NF_INT1_T byte
| #define NF_INT2_T integer*2
| #define NF_INT1_IS_C_SIGNED_CHAR 1
| #define NF_INT2_IS_C_SHORT 1
| #define NF_INT_IS_C_INT 1
| #define NF_REAL_IS_C_FLOAT 1
| #define NF_DOUBLEPRECISION_IS_C_DOUBLE 1
| #define NCBYTE_T byte
| #define NCSHORT_T integer*2
| #define STDC_HEADERS 1
| #define HAVE_SYS_TYPES_H 1
| #define HAVE_SYS_STAT_H 1
| #define HAVE_STDLIB_H 1
| #define HAVE_STRING_H 1
| #define HAVE_MEMORY_H 1
| #define HAVE_STRINGS_H 1
| #define HAVE_INTTYPES_H 1
| #define HAVE_STDINT_H 1
| #define HAVE_UNISTD_H 1
| #define HAVE_FTRUNCATE 1
| #define HAVE_ALLOCA_H 1
| #define HAVE_ALLOCA 1
| #define HAVE_STRUCT_STAT_ST_BLKSIZE 1
| #define HAVE_ST_BLKSIZE 1
| /* end confdefs.h.  */
| #include <stdio.h>
| #if HAVE_SYS_TYPES_H
| # include <sys/types.h>
| #endif
| #if HAVE_SYS_STAT_H
| # include <sys/stat.h>
| #endif
| #if STDC_HEADERS
| # include <stdlib.h>
| # include <stddef.h>
| #else
| # if HAVE_STDLIB_H
| #  include <stdlib.h>
| # endif
| #endif
| #if HAVE_STRING_H
| # if !STDC_HEADERS && HAVE_MEMORY_H
| #  include <memory.h>
| # endif
| # include <string.h>
| #endif
| #if HAVE_STRINGS_H
| # include <strings.h>
| #endif
| #if HAVE_INTTYPES_H
| # include <inttypes.h>
| #else
| # if HAVE_STDINT_H
| #  include <stdint.h>
| # endif
| #endif
| #if HAVE_UNISTD_H
| # include <unistd.h>
| #endif
| int
| main ()
| {
| if ((uchar *) 0)
|   return 0;
| if (sizeof (uchar))
|   return 0;
|   ;
|   return 0;
| }
configure:8515: result: no
configure:8528: checking whether char is unsigned
configure:8551: gcc -c   conftest.c >&5
configure:8557: $? = 0
configure:8561: test -z 
			 || test ! -s conftest.err
configure:8564: $? = 0
configure:8567: test -s conftest.o
configure:8570: $? = 0
configure:8581: result: no
configure:8590: checking whether byte ordering is bigendian
configure:8617: gcc -c   conftest.c >&5
configure:8623: $? = 0
configure:8627: test -z 
			 || test ! -s conftest.err
configure:8630: $? = 0
configure:8633: test -s conftest.o
configure:8636: $? = 0
configure:8660: gcc -c   conftest.c >&5
conftest.c: In function 'main':
conftest.c:41:2: error: unknown type name 'not'
  not big endian
  ^
conftest.c:41:10: error: expected '=', ',', ';', 'asm' or '__attribute__' before 'endian'
  not big endian
          ^
configure:8666: $? = 1
configure: failed program was:
| /* confdefs.h.  */
| 
| #define PACKAGE_NAME "netCDF"
| #define PACKAGE_TARNAME "netcdf"
| #define PACKAGE_VERSION "3.6.1"
| #define PACKAGE_STRING "netCDF 3.6.1"
| #define PACKAGE_BUGREPORT "support@unidata.ucar.edu"
| #define NF_INT1_T byte
| #define NF_INT2_T integer*2
| #define NF_INT1_IS_C_SIGNED_CHAR 1
| #define NF_INT2_IS_C_SHORT 1
| #define NF_INT_IS_C_INT 1
| #define NF_REAL_IS_C_FLOAT 1
| #define NF_DOUBLEPRECISION_IS_C_DOUBLE 1
| #define NCBYTE_T byte
| #define NCSHORT_T integer*2
| #define STDC_HEADERS 1
| #define HAVE_SYS_TYPES_H 1
| #define HAVE_SYS_STAT_H 1
| #define HAVE_STDLIB_H 1
| #define HAVE_STRING_H 1
| #define HAVE_MEMORY_H 1
| #define HAVE_STRINGS_H 1
| #define HAVE_INTTYPES_H 1
| #define HAVE_STDINT_H 1
| #define HAVE_UNISTD_H 1
| #define HAVE_FTRUNCATE 1
| #define HAVE_ALLOCA_H 1
| #define HAVE_ALLOCA 1
| #define HAVE_STRUCT_STAT_ST_BLKSIZE 1
| #define HAVE_ST_BLKSIZE 1
| #define uchar unsigned char
| /* end confdefs.h.  */
| #include <sys/types.h>
| #include <sys/param.h>
| 
| int
| main ()
| {
| #if BYTE_ORDER != BIG_ENDIAN
|  not big endian
| #endif
| 
|   ;
|   return 0;
| }
configure:8801: result: no
configure:8820: checking for short
configure:8844: gcc -c   conftest.c >&5
configure:8850: $? = 0
configure:8854: test -z 
			 || test ! -s conftest.err
configure:8857: $? = 0
configure:8860: test -s conftest.o
configure:8863: $? = 0
configure:8874: result: yes
configure:8877: checking size of short
configure:9196: gcc -o conftest    conftest.c  >&5
configure:9199: $? = 0
configure:9201: ./conftest
configure:9204: $? = 0
configure:9227: result: 2
configure:9234: checking for int
configure:9258: gcc -c   conftest.c >&5
configure:9264: $? = 0
configure:9268: test -z 
			 || test ! -s conftest.err
configure:9271: $? = 0
configure:9274: test -s conftest.o
configure:9277: $? = 0
configure:9288: result: yes
configure:9291: checking size of int
configure:9610: gcc -o conftest    conftest.c  >&5
configure:9613: $? = 0
configure:9615: ./conftest
configure:9618: $? = 0
configure:9641: result: 4
configure:9648: checking for long
configure:9672: gcc -c   conftest.c >&5
configure:9678: $? = 0
configure:9682: test -z 
			 || test ! -s conftest.err
configure:9685: $? = 0
configure:9688: test -s conftest.o
configure:9691: $? = 0
configure:9702: result: yes
configure:9705: checking size of long
configure:10024: gcc -o conftest    conftest.c  >&5
configure:10027: $? = 0
configure:10029: ./conftest
configure:10032: $? = 0
configure:10055: result: 8
configure:10062: checking for float
configure:10086: gcc -c   conftest.c >&5
configure:10092: $? = 0
configure:10096: test -z 
			 || test ! -s conftest.err
configure:10099: $? = 0
configure:10102: test -s conftest.o
configure:10105: $? = 0
configure:10116: result: yes
configure:10119: checking size of float
configure:10438: gcc -o conftest    conftest.c  >&5
configure:10441: $? = 0
configure:10443: ./conftest
configure:10446: $? = 0
configure:10469: result: 4
configure:10476: checking for double
configure:10500: gcc -c   conftest.c >&5
configure:10506: $? = 0
configure:10510: test -z 
			 || test ! -s conftest.err
configure:10513: $? = 0
configure:10516: test -s conftest.o
configure:10519: $? = 0
configure:10530: result: yes
configure:10533: checking size of double
configure:10852: gcc -o conftest    conftest.c  >&5
configure:10855: $? = 0
configure:10857: ./conftest
configure:10860: $? = 0
configure:10883: result: 8
configure:10890: checking size of off_t
configure:10918: gcc -o conftest    conftest.c  >&5
configure:10921: $? = 0
configure:10923: ./conftest
configure:10926: $? = 0
configure:10940: result: 8
configure:10947: checking size of size_t
configure:10975: gcc -o conftest    conftest.c  >&5
configure:10978: $? = 0
configure:10980: ./conftest
configure:10983: $? = 0
configure:10997: result: 8
configure:11091: checking for manual-page index command
configure:11093: result: 
configure:11096: checking binary distribution directory
configure:11104: result: /home/ed/pub/binary/dummy_system
configure:11204: creating ./config.status

## ---------------------- ##
## Running config.status. ##
## ---------------------- ##

This file was extended by netCDF config.status 3.6.1, which was
generated by GNU Autoconf 2.59.  Invocation command line was

  CONFIG_FILES    = 
  CONFIG_HEADERS  = 
  CONFIG_LINKS    = 
  CONFIG_COMMANDS = 
  $ ./config.status 

on olympus.local

config.status:696: creating macros.make
config.status:800: creating config.h
config.status:946: config.h is unchanged
config.status:800: creating fortran/nfconfig.inc
config.status:1104: executing default commands

## ---------------- ##
## Cache variables. ##
## ---------------- ##

ac_cv_build=x86_64-unknown-linux-gnu
ac_cv_build_alias=x86_64-unknown-linux-gnu
ac_cv_c_bigendian=no
ac_cv_c_char_unsigned=no
ac_cv_c_compiler_gnu=yes
ac_cv_c_ieeefloat=yes
ac_cv_env_CC_set=set
ac_cv_env_CC_value=gcc
ac_cv_env_CFLAGS_set=set
ac_cv_env_CFLAGS_value=
ac_cv_env_CPPFLAGS_set=
ac_cv_env_CPPFLAGS_value=
ac_cv_env_CPP_set=
ac_cv_env_CPP_value=
ac_cv_env_CXXFLAGS_set=
ac_cv_env_CXXFLAGS_value=
ac_cv_env_CXX_set=set
ac_cv_env_CXX_value=
ac_cv_env_FCFLAGS_set=set
ac_cv_env_FCFLAGS_value=-fno-underscoring
ac_cv_env_FC_set=set
ac_cv_env_FC_value=gfortran
ac_cv_env_LDFLAGS_set=
ac_cv_env_LDFLAGS_value=
ac_cv_env_build_alias_set=
ac_cv_env_build_alias_value=
ac_cv_env_host_alias_set=
ac_cv_env_host_alias_value=
ac_cv_env_target_alias_set=
ac_cv_env_target_alias_value=
ac_cv_exeext=
ac_cv_fc_compiler_gnu=yes
ac_cv_func_alloca_works=yes
ac_cv_func_strerror=yes
ac_cv_func_strlcat=no
ac_cv_header_inttypes_h=yes
ac_cv_header_memory_h=yes
ac_cv_header_stdc=yes
ac_cv_header_stdint_h=yes
ac_cv_header_stdlib_h=yes
ac_cv_header_string_h=yes
ac_cv_header_strings_h=yes
ac_cv_header_sys_stat_h=yes
ac_cv_header_sys_types_h=yes
ac_cv_header_unistd_h=yes
ac_cv_host=x86_64-unknown-linux-gnu
ac_cv_host_alias=x86_64-unknown-linux-gnu
ac_cv_lib_c_tanh=no
ac_cv_lib_m_tanh=yes
ac_cv_member_struct_stat_st_blksize=yes
ac_cv_objext=o
ac_cv_path_install='/usr/bin/install -c'
ac_cv_prog_AR=ar
ac_cv_prog_CPP='gcc -E'
ac_cv_prog_M4=m4
ac_cv_prog_NM=nm
ac_cv_prog_ac_ct_RANLIB=ranlib
ac_cv_prog_cc_g=yes
ac_cv_prog_cc_stdc=
ac_cv_prog_egrep='grep -E'
ac_cv_prog_fc_g=yes
ac_cv_sizeof_double=8
ac_cv_sizeof_float=4
ac_cv_sizeof_int=4
ac_cv_sizeof_long=8
ac_cv_sizeof_off_t=8
ac_cv_sizeof_short=2
ac_cv_sizeof_size_t=8
ac_cv_sys_file_offset_bits=no
ac_cv_sys_large_files=no
ac_cv_sys_largefile_CC=no
ac_cv_type_double=yes
ac_cv_type_float=yes
ac_cv_type_int=yes
ac_cv_type_long=yes
ac_cv_type_off_t=yes
ac_cv_type_ptrdiff_t=yes
ac_cv_type_short=yes
ac_cv_type_size_t=yes
ac_cv_type_ssize_t=yes
ac_cv_type_uchar=no
ac_cv_working_alloca_h=yes

## ----------------- ##
## Output variables. ##
## ----------------- ##

ALLOCA=''
AR='ar'
ARFLAGS='cru'
CC='gcc'
CC_MAKEDEPEND='false'
CFLAGS=''
COMPILE_F='$(COMPILE.f) $(FPPFLAGS)'
CPP='gcc -E'
CPPFLAGS=''
CXX=''
CXXFLAGS=''
DEFS='-DHAVE_CONFIG_H'
ECHO_C=''
ECHO_N='-n'
ECHO_T=''
EGREP='grep -E'
EXEEXT=''
F90='gfortran'
F90FLAGS=''
F90LIBS=''
FC='gfortran'
FCFLAGS='-fno-underscoring'
FFLAGS='-fno-underscoring'
FLIBS=''
FPP=''
FPPFLAGS=''
FTPBINDIR='/home/ed/pub/binary/dummy_system'
IGNORE_FPE=''
INSTALL_DATA='${INSTALL} -m 644'
INSTALL_PROGRAM='${INSTALL}'
INSTALL_SCRIPT='${INSTALL}'
LDFLAGS=''
LIBOBJS=''
LIBS=''
LTLIBOBJS=''
M4='m4'
M4FLAGS='-B10000'
MAKEWHATIS_CMD=''
MATHLIB='-lm'
NM='nm'
NMFLAGS=''
OBJEXT='o'
PACKAGE_BUGREPORT='support@unidata.ucar.edu'
PACKAGE_NAME='netCDF'
PACKAGE_STRING='netCDF 3.6.1'
PACKAGE_TARNAME='netcdf'
PACKAGE_VERSION='3.6.1'
PATH_SEPARATOR=':'
RANLIB='ranlib'
SHELL='/bin/sh'
SRCDIR='/people/long075/fvcom-ltrans/netcdf-3.6.1-src/src'
TEMP_LARGE='.'
WHATIS='whatis'
ac_ct_CC=''
ac_ct_CXX=''
ac_ct_FC=''
ac_ct_RANLIB='ranlib'
bindir='${exec_prefix}/bin'
build='x86_64-unknown-linux-gnu'
build_alias=''
build_cpu='x86_64'
build_os='linux-gnu'
build_vendor='unknown'
datadir='${prefix}/share'
exec_prefix='${prefix}'
host='x86_64-unknown-linux-gnu'
host_alias=''
host_cpu='x86_64'
host_os='linux-gnu'
host_vendor='unknown'
includedir='${prefix}/include'
infodir='${prefix}/info'
libdir='${exec_prefix}/lib'
libexecdir='${exec_prefix}/libexec'
localstatedir='${prefix}/var'
mandir='${prefix}/man'
oldincludedir='/usr/include'
prefix='/people/long075/fvcom-ltrans/netcdf_install_gfortran'
prog=''
program_transform_name='s,x,x,'
sbindir='${exec_prefix}/sbin'
sharedstatedir='${prefix}/com'
sysconfdir='${prefix}/etc'
target_alias=''

## ----------- ##
## confdefs.h. ##
## ----------- ##

#define HAVE_ALLOCA 1
#define HAVE_ALLOCA_H 1
#define HAVE_FTRUNCATE 1
#define HAVE_INTTYPES_H 1
#define HAVE_MEMORY_H 1
#define HAVE_STDINT_H 1
#define HAVE_STDLIB_H 1
#define HAVE_STRINGS_H 1
#define HAVE_STRING_H 1
#define HAVE_STRUCT_STAT_ST_BLKSIZE 1
#define HAVE_ST_BLKSIZE 1
#define HAVE_SYS_STAT_H 1
#define HAVE_SYS_TYPES_H 1
#define HAVE_UNISTD_H 1
#define NCBYTE_T byte
#define NCSHORT_T integer*2
#define NF_DOUBLEPRECISION_IS_C_DOUBLE 1
#define NF_INT1_IS_C_SIGNED_CHAR 1
#define NF_INT1_T byte
#define NF_INT2_IS_C_SHORT 1
#define NF_INT2_T integer*2
#define NF_INT_IS_C_INT 1
#define NF_REAL_IS_C_FLOAT 1
#define PACKAGE_BUGREPORT "support@unidata.ucar.edu"
#define PACKAGE_NAME "netCDF"
#define PACKAGE_STRING "netCDF 3.6.1"
#define PACKAGE_TARNAME "netcdf"
#define PACKAGE_VERSION "3.6.1"
#define SIZEOF_DOUBLE 8
#define SIZEOF_FLOAT 4
#define SIZEOF_INT 4
#define SIZEOF_LONG 8
#define SIZEOF_OFF_T 8
#define SIZEOF_SHORT 2
#define SIZEOF_SIZE_T 8
#define STDC_HEADERS 1
#define uchar unsigned char

configure: exit 0
